2017-06-01 11:51:07,422 [TestRunnerThread] ERROR AdministrativePenalty.AdministrativePenaltyCrawler - AdministrativePenalty.AdministrativePenaltyCrawler
 AdministrativePenalty.AdministrativePenaltyCrawlernameSystem.Exception: 测试1
2017-06-01 11:52:18,877 [TestRunnerThread] ERROR AdministrativePenalty.AdministrativePenaltyCrawler - AdministrativePenalty.AdministrativePenaltyCrawler
 AdministrativePenalty.AdministrativePenaltyCrawlernameSystem.Exception: 测试日志
2017-06-01 11:52:48,269 [TestRunnerThread] ERROR AdministrativePenalty.AdministrativePenaltyCrawler - AdministrativePenalty.AdministrativePenaltyCrawler
 AdministrativePenalty.AdministrativePenaltyCrawlernameSystem.Exception: 测试日志
2017-06-01 12:49:03,904 [TestRunnerThread] ERROR AdministrativePenalty.AdministrativePenaltyCrawler - AdministrativePenalty.AdministrativePenaltyCrawler
 AdministrativePenalty.AdministrativePenaltyCrawlernameSystem.Exception: 测试日志
